<?xml version="1.0" encoding="UTF-8"?>
<testsuite name="com.slack.api.runner.TestRunner" tests="0" skipped="0" failures="0" errors="0" timestamp="1970-01-01T00:00:00" hostname="Abhinav" time="0.0">
  <properties/>
  <system-out><![CDATA[
?[31mFailed scenarios:?[0m
?[31mfile:///C:/Users/abhi/git/slack-api-automation/src/test/resources/features/Channel.feature:12?[0m# Create and join a channel
?[31mfile:///C:/Users/abhi/git/slack-api-automation/src/test/resources/features/Channel.feature:20?[0m# Rename a channel
?[31mfile:///C:/Users/abhi/git/slack-api-automation/src/test/resources/features/Channel.feature:28?[0m# Archive a channel

3 Scenarios (?[31m3 failed?[0m)
9 Steps (?[31m3 failed?[0m, ?[36m3 skipped?[0m, ?[32m3 passed?[0m)
0m9.019s


java.lang.AssertionError: Error: token_revoked
	at org.junit.Assert.fail(Assert.java:89)
	at org.junit.Assert.assertTrue(Assert.java:42)
	at com.slack.api.utils.RestUtil.postData(RestUtil.java:48)
	at com.slack.api.stepdefinitions.Channel.lambda$new$1(Channel.java:23)
	at ?.user creates channel "ab_channel_01"(file:///C:/Users/abhi/git/slack-api-automation/src/test/resources/features/Channel.feature:8)

java.lang.AssertionError: Error: token_revoked
	at org.junit.Assert.fail(Assert.java:89)
	at org.junit.Assert.assertTrue(Assert.java:42)
	at com.slack.api.utils.RestUtil.getData(RestUtil.java:70)
	at com.slack.api.utils.RestUtil.fetchChannelList(RestUtil.java:75)
	at com.slack.api.utils.RestUtil.getChannelAttribute(RestUtil.java:80)
	at com.slack.api.stepdefinitions.Channel.lambda$new$3(Channel.java:32)
	at ?.user renames the channel "ab_channel_01" with "test_ab_channel_01"(file:///C:/Users/abhi/git/slack-api-automation/src/test/resources/features/Channel.feature:16)

java.lang.AssertionError: Error: token_revoked
	at org.junit.Assert.fail(Assert.java:89)
	at org.junit.Assert.assertTrue(Assert.java:42)
	at com.slack.api.utils.RestUtil.getData(RestUtil.java:70)
	at com.slack.api.utils.RestUtil.fetchChannelList(RestUtil.java:75)
	at com.slack.api.utils.RestUtil.getChannelAttribute(RestUtil.java:80)
	at com.slack.api.stepdefinitions.Channel.lambda$new$5(Channel.java:42)
	at ?.user archives the channel "test_ab_channel_01"(file:///C:/Users/abhi/git/slack-api-automation/src/test/resources/features/Channel.feature:24)


]]></system-out>
  <system-err><![CDATA[]]></system-err>
</testsuite>
